-------------------------------------------------------------------------------
Test set: TestRunner
-------------------------------------------------------------------------------
Tests run: 1, Failures: 0, Errors: 1, Skipped: 0, Time elapsed: 1.296 s <<< FAILURE! - in TestRunner
initializationError(TestRunner)  Time elapsed: 0.037 s  <<< ERROR!
java.lang.IllegalArgumentException: Not a file or directory: C:\Users\sball\git\cath\tags

